SRR4342129_bins.11.fa_ann.faa
cut: the delimiter must be a single character
Try 'cut --help' for more information.

SRR4342129_bins.12.fa_ann.faa
cut: the delimiter must be a single character
Try 'cut --help' for more information.

SRR4342129_bins.1.fa_ann.faa
cut: the delimiter must be a single character
Try 'cut --help' for more information.

SRR4342129_bins.2.fa_ann.faa
cut: the delimiter must be a single character
Try 'cut --help' for more information.

SRR4342129_bins.3.fa_ann.faa
cut: the delimiter must be a single character
Try 'cut --help' for more information.

SRR4342129_bins.4.fa_ann.faa
cut: the delimiter must be a single character
Try 'cut --help' for more information.

SRR4342129_bins.5.fa_ann.faa
cut: the delimiter must be a single character
Try 'cut --help' for more information.

SRR4342129_bins.6.fa_ann.faa
cut: the delimiter must be a single character
Try 'cut --help' for more information.

SRR4342129_bins.7.fa_ann.faa
cut: the delimiter must be a single character
Try 'cut --help' for more information.

SRR4342129_bins.8.fa_ann.faa
cut: the delimiter must be a single character
Try 'cut --help' for more information.

SRR4342129_bins.9.fa_ann.faa
cut: the delimiter must be a single character
Try 'cut --help' for more information.

*fa_ann.faa
cut: the delimiter must be a single character
Try 'cut --help' for more information.

mv: cannot stat ‘*fa_ann.faa’: No such file or directory
All usearch runs already performed!
All usearch runs already performed!
