Started analysis of SRR4342129_1.paired.trimmed.fastq.gz
Approx 5% complete for SRR4342129_1.paired.trimmed.fastq.gz
Approx 10% complete for SRR4342129_1.paired.trimmed.fastq.gz
Approx 15% complete for SRR4342129_1.paired.trimmed.fastq.gz
Approx 20% complete for SRR4342129_1.paired.trimmed.fastq.gz
Approx 25% complete for SRR4342129_1.paired.trimmed.fastq.gz
Approx 30% complete for SRR4342129_1.paired.trimmed.fastq.gz
Approx 35% complete for SRR4342129_1.paired.trimmed.fastq.gz
Approx 40% complete for SRR4342129_1.paired.trimmed.fastq.gz
Approx 45% complete for SRR4342129_1.paired.trimmed.fastq.gz
Approx 50% complete for SRR4342129_1.paired.trimmed.fastq.gz
Approx 55% complete for SRR4342129_1.paired.trimmed.fastq.gz
Approx 60% complete for SRR4342129_1.paired.trimmed.fastq.gz
Approx 65% complete for SRR4342129_1.paired.trimmed.fastq.gz
Approx 70% complete for SRR4342129_1.paired.trimmed.fastq.gz
Approx 75% complete for SRR4342129_1.paired.trimmed.fastq.gz
Approx 80% complete for SRR4342129_1.paired.trimmed.fastq.gz
Approx 85% complete for SRR4342129_1.paired.trimmed.fastq.gz
Approx 90% complete for SRR4342129_1.paired.trimmed.fastq.gz
Approx 95% complete for SRR4342129_1.paired.trimmed.fastq.gz
Analysis complete for SRR4342129_1.paired.trimmed.fastq.gz
Started analysis of SRR4342129_2.paired.trimmed.fastq.gz
Approx 5% complete for SRR4342129_2.paired.trimmed.fastq.gz
Approx 10% complete for SRR4342129_2.paired.trimmed.fastq.gz
Approx 15% complete for SRR4342129_2.paired.trimmed.fastq.gz
Approx 20% complete for SRR4342129_2.paired.trimmed.fastq.gz
Approx 25% complete for SRR4342129_2.paired.trimmed.fastq.gz
Approx 30% complete for SRR4342129_2.paired.trimmed.fastq.gz
Approx 35% complete for SRR4342129_2.paired.trimmed.fastq.gz
Approx 40% complete for SRR4342129_2.paired.trimmed.fastq.gz
Approx 45% complete for SRR4342129_2.paired.trimmed.fastq.gz
Approx 50% complete for SRR4342129_2.paired.trimmed.fastq.gz
Approx 55% complete for SRR4342129_2.paired.trimmed.fastq.gz
Approx 60% complete for SRR4342129_2.paired.trimmed.fastq.gz
Approx 65% complete for SRR4342129_2.paired.trimmed.fastq.gz
Approx 70% complete for SRR4342129_2.paired.trimmed.fastq.gz
Approx 75% complete for SRR4342129_2.paired.trimmed.fastq.gz
Approx 80% complete for SRR4342129_2.paired.trimmed.fastq.gz
Approx 85% complete for SRR4342129_2.paired.trimmed.fastq.gz
Approx 90% complete for SRR4342129_2.paired.trimmed.fastq.gz
Approx 95% complete for SRR4342129_2.paired.trimmed.fastq.gz
Analysis complete for SRR4342129_2.paired.trimmed.fastq.gz
Started analysis of SRR4342133_1.paired.trimmed.fastq.gz
Approx 5% complete for SRR4342133_1.paired.trimmed.fastq.gz
Approx 10% complete for SRR4342133_1.paired.trimmed.fastq.gz
Approx 15% complete for SRR4342133_1.paired.trimmed.fastq.gz
Approx 20% complete for SRR4342133_1.paired.trimmed.fastq.gz
Approx 25% complete for SRR4342133_1.paired.trimmed.fastq.gz
Approx 30% complete for SRR4342133_1.paired.trimmed.fastq.gz
Approx 35% complete for SRR4342133_1.paired.trimmed.fastq.gz
Approx 40% complete for SRR4342133_1.paired.trimmed.fastq.gz
Approx 45% complete for SRR4342133_1.paired.trimmed.fastq.gz
Approx 50% complete for SRR4342133_1.paired.trimmed.fastq.gz
Approx 55% complete for SRR4342133_1.paired.trimmed.fastq.gz
Approx 60% complete for SRR4342133_1.paired.trimmed.fastq.gz
Approx 65% complete for SRR4342133_1.paired.trimmed.fastq.gz
Approx 70% complete for SRR4342133_1.paired.trimmed.fastq.gz
Approx 75% complete for SRR4342133_1.paired.trimmed.fastq.gz
Approx 80% complete for SRR4342133_1.paired.trimmed.fastq.gz
Approx 85% complete for SRR4342133_1.paired.trimmed.fastq.gz
Approx 90% complete for SRR4342133_1.paired.trimmed.fastq.gz
Approx 95% complete for SRR4342133_1.paired.trimmed.fastq.gz
Analysis complete for SRR4342133_1.paired.trimmed.fastq.gz
Started analysis of SRR4342133_2.paired.trimmed.fastq.gz
Approx 5% complete for SRR4342133_2.paired.trimmed.fastq.gz
Approx 10% complete for SRR4342133_2.paired.trimmed.fastq.gz
Approx 15% complete for SRR4342133_2.paired.trimmed.fastq.gz
Approx 20% complete for SRR4342133_2.paired.trimmed.fastq.gz
Approx 25% complete for SRR4342133_2.paired.trimmed.fastq.gz
Approx 30% complete for SRR4342133_2.paired.trimmed.fastq.gz
Approx 35% complete for SRR4342133_2.paired.trimmed.fastq.gz
Approx 40% complete for SRR4342133_2.paired.trimmed.fastq.gz
Approx 45% complete for SRR4342133_2.paired.trimmed.fastq.gz
Approx 50% complete for SRR4342133_2.paired.trimmed.fastq.gz
Approx 55% complete for SRR4342133_2.paired.trimmed.fastq.gz
Approx 60% complete for SRR4342133_2.paired.trimmed.fastq.gz
Approx 65% complete for SRR4342133_2.paired.trimmed.fastq.gz
Approx 70% complete for SRR4342133_2.paired.trimmed.fastq.gz
Approx 75% complete for SRR4342133_2.paired.trimmed.fastq.gz
Approx 80% complete for SRR4342133_2.paired.trimmed.fastq.gz
Approx 85% complete for SRR4342133_2.paired.trimmed.fastq.gz
Approx 90% complete for SRR4342133_2.paired.trimmed.fastq.gz
Approx 95% complete for SRR4342133_2.paired.trimmed.fastq.gz
Analysis complete for SRR4342133_2.paired.trimmed.fastq.gz
Started analysis of SRR4342137.1.fastq.gz
Approx 5% complete for SRR4342137.1.fastq.gz
Approx 10% complete for SRR4342137.1.fastq.gz
Approx 15% complete for SRR4342137.1.fastq.gz
Approx 20% complete for SRR4342137.1.fastq.gz
Approx 25% complete for SRR4342137.1.fastq.gz
Approx 30% complete for SRR4342137.1.fastq.gz
Approx 35% complete for SRR4342137.1.fastq.gz
Approx 40% complete for SRR4342137.1.fastq.gz
Approx 45% complete for SRR4342137.1.fastq.gz
Approx 50% complete for SRR4342137.1.fastq.gz
Approx 55% complete for SRR4342137.1.fastq.gz
Approx 60% complete for SRR4342137.1.fastq.gz
Approx 65% complete for SRR4342137.1.fastq.gz
Approx 70% complete for SRR4342137.1.fastq.gz
Approx 75% complete for SRR4342137.1.fastq.gz
Approx 80% complete for SRR4342137.1.fastq.gz
Approx 85% complete for SRR4342137.1.fastq.gz
Approx 90% complete for SRR4342137.1.fastq.gz
Approx 95% complete for SRR4342137.1.fastq.gz
Analysis complete for SRR4342137.1.fastq.gz
Started analysis of SRR4342137.2.fastq.gz
Approx 5% complete for SRR4342137.2.fastq.gz
Approx 10% complete for SRR4342137.2.fastq.gz
Approx 15% complete for SRR4342137.2.fastq.gz
Approx 20% complete for SRR4342137.2.fastq.gz
Approx 25% complete for SRR4342137.2.fastq.gz
Approx 30% complete for SRR4342137.2.fastq.gz
Approx 35% complete for SRR4342137.2.fastq.gz
Approx 40% complete for SRR4342137.2.fastq.gz
Approx 45% complete for SRR4342137.2.fastq.gz
Approx 50% complete for SRR4342137.2.fastq.gz
Approx 55% complete for SRR4342137.2.fastq.gz
Approx 60% complete for SRR4342137.2.fastq.gz
Approx 65% complete for SRR4342137.2.fastq.gz
Approx 70% complete for SRR4342137.2.fastq.gz
Approx 75% complete for SRR4342137.2.fastq.gz
Approx 80% complete for SRR4342137.2.fastq.gz
Approx 85% complete for SRR4342137.2.fastq.gz
Approx 90% complete for SRR4342137.2.fastq.gz
Approx 95% complete for SRR4342137.2.fastq.gz
Analysis complete for SRR4342137.2.fastq.gz
Started analysis of SRR4342139.1.fastq.gz
Approx 5% complete for SRR4342139.1.fastq.gz
Approx 10% complete for SRR4342139.1.fastq.gz
Approx 15% complete for SRR4342139.1.fastq.gz
Approx 20% complete for SRR4342139.1.fastq.gz
Approx 25% complete for SRR4342139.1.fastq.gz
Approx 30% complete for SRR4342139.1.fastq.gz
Approx 35% complete for SRR4342139.1.fastq.gz
Approx 40% complete for SRR4342139.1.fastq.gz
Approx 45% complete for SRR4342139.1.fastq.gz
Approx 50% complete for SRR4342139.1.fastq.gz
Approx 55% complete for SRR4342139.1.fastq.gz
Approx 60% complete for SRR4342139.1.fastq.gz
Approx 65% complete for SRR4342139.1.fastq.gz
Approx 70% complete for SRR4342139.1.fastq.gz
Approx 75% complete for SRR4342139.1.fastq.gz
Approx 80% complete for SRR4342139.1.fastq.gz
Approx 85% complete for SRR4342139.1.fastq.gz
Approx 90% complete for SRR4342139.1.fastq.gz
Approx 95% complete for SRR4342139.1.fastq.gz
Analysis complete for SRR4342139.1.fastq.gz
Started analysis of SRR4342139.2.fastq.gz
Approx 5% complete for SRR4342139.2.fastq.gz
Approx 10% complete for SRR4342139.2.fastq.gz
Approx 15% complete for SRR4342139.2.fastq.gz
Approx 20% complete for SRR4342139.2.fastq.gz
Approx 25% complete for SRR4342139.2.fastq.gz
Approx 30% complete for SRR4342139.2.fastq.gz
Approx 35% complete for SRR4342139.2.fastq.gz
Approx 40% complete for SRR4342139.2.fastq.gz
Approx 45% complete for SRR4342139.2.fastq.gz
Approx 50% complete for SRR4342139.2.fastq.gz
Approx 55% complete for SRR4342139.2.fastq.gz
Approx 60% complete for SRR4342139.2.fastq.gz
Approx 65% complete for SRR4342139.2.fastq.gz
Approx 70% complete for SRR4342139.2.fastq.gz
Approx 75% complete for SRR4342139.2.fastq.gz
Approx 80% complete for SRR4342139.2.fastq.gz
Approx 85% complete for SRR4342139.2.fastq.gz
Approx 90% complete for SRR4342139.2.fastq.gz
Approx 95% complete for SRR4342139.2.fastq.gz
Analysis complete for SRR4342139.2.fastq.gz
