[2022-05-09 13:03:31] INFO: CheckM v1.1.3
[2022-05-09 13:03:31] INFO: checkm lineage_wf -t 4 -x fa /home/claudg/genome-project/analyses/DNA_bins_metabat/1 /home/claudg/genome-project/analyses/DNA_checkM/1
[2022-05-09 13:03:31] INFO: [CheckM - tree] Placing bins in reference genome tree.
[2022-05-09 13:03:32] INFO: Identifying marker genes in 12 bins with 4 threads:
[2022-05-09 13:03:46] INFO: Saving HMM info to file.
[2022-05-09 13:03:46] INFO: Calculating genome statistics for 12 bins with 4 threads:
[2022-05-09 13:03:46] INFO: Extracting marker genes to align.
[2022-05-09 13:03:46] ERROR: Models must be parsed before identifying HMM hits.
[2022-05-09 13:09:36] INFO: CheckM v1.1.3
[2022-05-09 13:09:36] INFO: checkm lineage_wf -t 4 -x fa /home/claudg/genome-project/analyses/DNA_bins_metabat/1 /home/claudg/genome-project/analyses/DNA_checkM/1
[2022-05-09 13:09:36] INFO: [CheckM - tree] Placing bins in reference genome tree.
[2022-05-09 13:09:37] INFO: Identifying marker genes in 12 bins with 4 threads:
[2022-05-09 13:09:37] INFO: Saving HMM info to file.
[2022-05-09 13:09:37] INFO: Calculating genome statistics for 12 bins with 4 threads:
[2022-05-09 13:09:37] INFO: Extracting marker genes to align.
[2022-05-09 13:09:37] ERROR: Models must be parsed before identifying HMM hits.
[2022-05-09 16:29:35] INFO: CheckM v1.1.3
[2022-05-09 16:29:35] INFO: checkm lineage_wf -t 4 -x fa /home/claudg/genome-project/analyses/DNA_bins_metabat/1 /home/claudg/genome-project/analyses/DNA_checkM/1
[2022-05-09 16:29:35] INFO: [CheckM - tree] Placing bins in reference genome tree.
[2022-05-09 16:29:36] INFO: Identifying marker genes in 12 bins with 4 threads:
[2022-05-09 16:29:36] INFO: Saving HMM info to file.
[2022-05-09 16:29:36] INFO: Calculating genome statistics for 12 bins with 4 threads:
[2022-05-09 16:29:36] INFO: Extracting marker genes to align.
[2022-05-09 16:29:36] ERROR: Models must be parsed before identifying HMM hits.
[2022-05-09 16:31:33] INFO: CheckM v1.1.3
[2022-05-09 16:31:33] INFO: checkm lineage_wf -t 4 -x fa /home/claudg/genome-project/analyses/DNA_bins_metabat/1 /home/claudg/genome-project/analyses/DNA_checkM/1
[2022-05-09 16:31:33] INFO: [CheckM - tree] Placing bins in reference genome tree.
[2022-05-09 16:31:34] INFO: Identifying marker genes in 12 bins with 4 threads:
[2022-05-09 16:31:34] INFO: Saving HMM info to file.
[2022-05-09 16:31:34] INFO: Calculating genome statistics for 12 bins with 4 threads:
[2022-05-09 16:31:34] INFO: Extracting marker genes to align.
[2022-05-09 16:31:34] ERROR: Models must be parsed before identifying HMM hits.
[2022-05-09 16:38:02] INFO: CheckM v1.1.3
[2022-05-09 16:38:02] INFO: checkm lineage_wf -t 4 -x fa /home/claudg/genome-project/analyses/DNA_bins_metabat/1 /home/claudg/genome-project/analyses/DNA_checkM/1
[2022-05-09 16:38:02] INFO: [CheckM - tree] Placing bins in reference genome tree.
[2022-05-09 16:38:03] INFO: Identifying marker genes in 12 bins with 4 threads:
[2022-05-09 16:38:40] INFO: Saving HMM info to file.
[2022-05-09 16:38:40] INFO: Calculating genome statistics for 12 bins with 4 threads:
[2022-05-09 16:38:41] INFO: Extracting marker genes to align.
[2022-05-09 16:38:41] INFO: Parsing HMM hits to marker genes:
[2022-05-09 16:38:42] INFO: Extracting 43 HMMs with 4 threads:
[2022-05-09 16:38:42] INFO: Aligning 43 marker genes with 4 threads:
[2022-05-09 16:38:43] INFO: Reading marker alignment files.
[2022-05-09 16:38:43] INFO: Concatenating alignments.
[2022-05-09 16:38:43] INFO: Placing 12 bins into the genome tree with pplacer (be patient).
[2022-05-09 16:42:09] INFO: CheckM v1.1.3
[2022-05-09 16:42:09] INFO: checkm lineage_wf -t 4 -x fa /home/claudg/genome-project/analyses/DNA_bins_metabat/1 /home/claudg/genome-project/analyses/DNA_checkM/1
[2022-05-09 16:42:09] INFO: [CheckM - tree] Placing bins in reference genome tree.
[2022-05-09 16:42:10] INFO: Identifying marker genes in 12 bins with 4 threads:
[2022-05-09 16:42:16] INFO: Saving HMM info to file.
[2022-05-09 16:42:16] INFO: Calculating genome statistics for 12 bins with 4 threads:
[2022-05-09 16:42:17] INFO: Extracting marker genes to align.
[2022-05-09 16:42:17] INFO: Parsing HMM hits to marker genes:
[2022-05-09 16:42:17] INFO: Extracting 43 HMMs with 4 threads:
[2022-05-09 16:42:18] INFO: Aligning 43 marker genes with 4 threads:
[2022-05-09 16:42:19] INFO: Reading marker alignment files.
[2022-05-09 16:42:19] INFO: Concatenating alignments.
[2022-05-09 16:42:19] INFO: Placing 12 bins into the genome tree with pplacer (be patient).
[2022-05-10 12:16:03] INFO: CheckM v1.1.3
[2022-05-10 12:16:03] INFO: checkm lineage_wf -t 4 -x fa /home/claudg/genome-project/analyses/DNA_bins_metabat/1 /home/claudg/genome-project/analyses/DNA_checkM/1
[2022-05-10 12:16:03] INFO: [CheckM - tree] Placing bins in reference genome tree.
[2022-05-10 12:16:04] INFO: Identifying marker genes in 12 bins with 4 threads:
[2022-05-10 12:16:08] INFO: Saving HMM info to file.
[2022-05-10 12:16:08] INFO: Calculating genome statistics for 12 bins with 4 threads:
[2022-05-10 12:16:08] INFO: Extracting marker genes to align.
[2022-05-10 12:16:08] INFO: Parsing HMM hits to marker genes:
[2022-05-10 12:16:09] INFO: Extracting 43 HMMs with 4 threads:
[2022-05-10 12:16:09] INFO: Aligning 43 marker genes with 4 threads:
[2022-05-10 12:16:11] INFO: Reading marker alignment files.
[2022-05-10 12:16:11] INFO: Concatenating alignments.
[2022-05-10 12:16:11] INFO: Placing 12 bins into the genome tree with pplacer (be patient).
[2022-05-10 13:13:05] INFO: { Current stage: 0:57:01.953 || Total: 0:57:01.953 }
[2022-05-10 13:13:05] INFO: [CheckM - lineage_set] Inferring lineage-specific marker sets.
[2022-05-10 13:13:05] INFO: Reading HMM info from file.
[2022-05-10 13:13:06] INFO: Parsing HMM hits to marker genes:
[2022-05-10 13:13:07] INFO: Determining marker sets for each genome bin.
[2022-05-10 17:03:53] INFO: CheckM v1.1.3
[2022-05-10 17:03:53] INFO: checkm lineage_wf -t 8 -x fa /home/claudg/genome-project/analyses/DNA_bins_metabat/1 /home/claudg/genome-project/analyses/DNA_checkM/1
[2022-05-10 17:03:53] INFO: [CheckM - tree] Placing bins in reference genome tree.
[2022-05-10 17:03:53] INFO: Identifying marker genes in 12 bins with 8 threads:
[2022-05-10 17:03:56] INFO: Saving HMM info to file.
[2022-05-10 17:03:56] INFO: Calculating genome statistics for 12 bins with 8 threads:
ct/analyses/DNA_bins_metabat/1 /home/claudg/genome-project/analyses/DNA_checkM/1
[2022-05-10 17:03:53] INFO: [CheckM - tree] Placing bins in reference genome tree.
[2022-05-10 17:03:54] INFO: Identifying marker genes in 12 bins with 4 threads:
[2022-05-10 17:03:56] INFO: Extracting marker genes to align.
[2022-05-10 17:03:56] INFO: Parsing HMM hits to marker genes:
[2022-05-10 17:03:57] INFO: Extracting 43 HMMs with 8 threads:
[2022-05-10 17:03:57] INFO: Aligning 43 marker genes with 8 threads:
[2022-05-10 17:03:58] INFO: Reading marker alignment files.
[2022-05-10 17:03:58] INFO: Concatenating alignments.
[2022-05-10 17:03:58] INF[2022-05-10 17:03:58] INFO: Extracting marker genes to align.
[2022-05-10 17:03:58] INFO: Parsing HMM hits to marker genes:
[2022-05-10 17:03:59] INFO: Extracting 43 HMMs with 4 threads:
[2022-05-10 17:03:59] INFO: Aligning 43 marker genes with 4 threads:
[2022-05-10 17:04:00] INFO: Reading marker alignment files.
[2022-05-10 17:04:00] INFO: Concatenating alignments.
[2022-05-10 17:04:00] INFO: Placing 12 bins into the genome tree with pplacer (be patient).
[2022-05-10 17:07:26] INFO: { Current stage: 0:03:32.357 || Total: 0:03:32.357 }
[2022-05-10 17:07:26] INFO: [CheckM - lineage_set] Inferring lineage-specific marker sets.
[2022-05-10 17:07:26] INFO: Reading HMM info from file.
[2022-05-10 17:07:26] INFO: Parsing HMM hits to marker genes:
[2022-05-10 17:07:26] INFO: Determining marker sets for each genome bin.
[2022-05-10 17:07:29] INFO: Marker set written to: /home/claudg/genome-project/analyses/DNA_checkM/1/lineage.ms
[2022-05-10 17:07:29] INFO: { Current stage: 0:00:02.905 || Total: 0:03:35.262 }
[2022-05-10 17:07:29] INFO: [CheckM - analyze] Identifying marker genes in bins.
[2022-05-10 17:07:29] INFO: Identifying marker genes in 12 bins with 4 threads:
[2022-05-10 17:09:33] INFO: Saving HMM info to file.
[2022-05-10 17:09:34] INFO: { Current stage: 0:02:05.157 || Total: 0:05:40.420 }
[2022-05-10 17:09:34] INFO: Parsing HMM hits to marker genes:
[2022-05-10 17:09:35] INFO: Aligning marker genes with multiple hits in a single bin:
[2022-05-10 17:09:43] INFO: { Current stage: 0:00:09.551 || Total: 0:05:49.972 }
[2022-05-10 17:09:43] INFO: Calculating genome statistics for 12 bins with 4 threads:
[2022-05-10 17:09:44] INFO: { Current stage: 0:00:00.499 || Total: 0:05:50.471 }
[2022-05-10 17:09:44] INFO: [CheckM - qa] Tabulating genome statistics.
[2022-05-10 17:09:44] INFO: Calculating AAI between multi-copy marker genes.
[2022-05-10 17:09:44] INFO: Reading HMM info from file.
[2022-05-10 17:09:44] INFO: Parsing HMM hits to marker genes:
[2022-05-10 17:09:46] INFO: { Current stage: 0:00:02.024 || Total: 0:05:52.495 }
[2022-05-10 17:11:35] INFO: { Current stage: 0:07:42.336 || Total: 0:07:42.336 }
[2022-05-10 17:11:35] INFO: [CheckM - lineage_set] Inferring lineage-specific marker sets.
[2022-05-10 17:11:35] INFO: Reading HMM info from file.
[2022-05-10 17:11:35] INFO: Parsing HMM hits to marker genes:
[2022-05-10 17:11:36] INFO: Determining marker sets for each genome bin.
[2022-05-10 17:11:38] INFO: Marker set written to: /home/claudg/genome-project/analyses/DNA_checkM/1/lineage.ms
[2022-05-10 17:11:38] INFO: { Current stage: 0:00:03.463 || Total: 0:07:45.799 }
[2022-05-10 17:11:38] INFO: [CheckM - analyze] Identifying marker genes in bins.
[2022-05-10 17:11:39] INFO: Identifying marker genes in 12 bins with 8 threads:
[2022-05-10 17:13:05] INFO: Saving HMM info to file.
[2022-05-10 17:13:05] INFO: { Current stage: 0:01:26.475 || Total: 0:09:12.275 }
[2022-05-10 17:13:05] INFO: Parsing HMM hits to marker genes:
[2022-05-10 17:13:07] INFO: Aligning marker genes with multiple hits in a single bin:
[2022-05-10 17:13:13] INFO: { Current stage: 0:00:08.407 || Total: 0:09:20.682 }
[2022-05-10 17:13:13] INFO: Calculating genome statistics for 12 bins with 8 threads:
[2022-05-10 17:13:14] INFO: { Current stage: 0:00:00.425 || Total: 0:09:21.108 }
[2022-05-10 17:13:14] INFO: [CheckM - qa] Tabulating genome statistics.
[2022-05-10 17:13:14] INFO: Calculating AAI between multi-copy marker genes.
[2022-05-10 17:13:14] INFO: Reading HMM info from file.
[2022-05-10 17:13:14] INFO: Parsing HMM hits to marker genes:
[2022-05-10 17:13:16] INFO: { Current stage: 0:00:01.882 || Total: 0:09:22.990 }
[2022-05-10 19:18:18] INFO: CheckM v1.1.3
[2022-05-10 19:18:18] INFO: checkm lineage_wf -t 4 -x fa --reduced_tree /home/claudg/genome-project/analyses/DNA_bins_metabat/1 /home/claudg/genome-project/analyses/DNA_checkM/1
[2022-05-10 19:18:18] INFO: [CheckM - tree] Placing bins in reference genome tree.
[2022-05-10 19:18:19] INFO: Identifying marker genes in 12 bins with 4 threads:
[2022-05-10 19:18:23] INFO: Saving HMM info to file.
[2022-05-10 19:18:23] INFO: Calculating genome statistics for 12 bins with 4 threads:
[2022-05-10 19:18:23] INFO: Extracting marker genes to align.
[2022-05-10 19:18:23] INFO: Parsing HMM hits to marker genes:
[2022-05-10 19:18:24] INFO: Extracting 43 HMMs with 4 threads:
[2022-05-10 19:18:24] INFO: Aligning 43 marker genes with 4 threads:
[2022-05-10 19:18:25] INFO: Reading marker alignment files.
[2022-05-10 19:18:25] INFO: Concatenating alignments.
[2022-05-10 19:18:25] INFO: Placing 12 bins into the genome tree with pplacer (be patient).
[2022-05-10 19:21:50] INFO: { Current stage: 0:03:31.618 || Total: 0:03:31.618 }
[2022-05-10 19:21:50] INFO: [CheckM - lineage_set] Inferring lineage-specific marker sets.
[2022-05-10 19:21:50] INFO: Reading HMM info from file.
[2022-05-10 19:21:50] INFO: Parsing HMM hits to marker genes:
[2022-05-10 19:21:51] INFO: Determining marker sets for each genome bin.
[2022-05-10 19:21:53] INFO: Marker set written to: /home/claudg/genome-project/analyses/DNA_checkM/1/lineage.ms
[2022-05-10 19:21:53] INFO: { Current stage: 0:00:02.878 || Total: 0:03:34.497 }
[2022-05-10 19:21:53] INFO: [CheckM - analyze] Identifying marker genes in bins.
[2022-05-10 19:21:53] INFO: Identifying marker genes in 12 bins with 4 threads:
[2022-05-10 19:23:59] INFO: Saving HMM info to file.
[2022-05-10 19:23:59] INFO: { Current stage: 0:02:06.647 || Total: 0:05:41.144 }
[2022-05-10 19:23:59] INFO: Parsing HMM hits to marker genes:
[2022-05-10 19:24:01] INFO: Aligning marker genes with multiple hits in a single bin:
[2022-05-10 19:24:08] INFO: { Current stage: 0:00:08.988 || Total: 0:05:50.132 }
[2022-05-10 19:24:08] INFO: Calculating genome statistics for 12 bins with 4 threads:
[2022-05-10 19:24:09] INFO: { Current stage: 0:00:00.503 || Total: 0:05:50.636 }
[2022-05-10 19:24:09] INFO: [CheckM - qa] Tabulating genome statistics.
[2022-05-10 19:24:09] INFO: Calculating AAI between multi-copy marker genes.
[2022-05-10 19:24:09] INFO: Reading HMM info from file.
[2022-05-10 19:24:09] INFO: Parsing HMM hits to marker genes:
[2022-05-10 19:24:11] INFO: { Current stage: 0:00:02.015 || Total: 0:05:52.651 }
